Build started 12/11/2014 10:33:25 PM.
     1>Project "c:\Users\henrymound\documents\visual studio 2010\Projects\GameOver\GameOver\GameOver.vcxproj" on node 2 (build target(s)).
     1>PrepareForBuild:
         Creating directory "c:\users\henrymound\documents\visual studio 2010\Projects\GameOver\Debug\".
       InitializeBuildStatus:
         Creating "Debug\GameOver.unsuccessfulbuild" because "AlwaysCreate" was specified.
       ClCompile:
         C:\Program Files (x86)\Microsoft Visual Studio 10.0\VC\bin\CL.exe /c /ZI /nologo /W3 /WX- /Od /Oy- /D _MBCS /Gm /EHsc /RTC1 /MDd /GS /fp:precise /Zc:wchar_t /Zc:forScope /Fo"Debug\\" /Fd"Debug\vc100.pdb" /Gd /TP /analyze- /errorReport:prompt main.cpp
         main.cpp
       Link:
         C:\Program Files (x86)\Microsoft Visual Studio 10.0\VC\bin\link.exe /ERRORREPORT:PROMPT /OUT:"c:\users\henrymound\documents\visual studio 2010\Projects\GameOver\Debug\GameOver.exe" /NOLOGO kernel32.lib user32.lib gdi32.lib winspool.lib comdlg32.lib advapi32.lib shell32.lib ole32.lib oleaut32.lib uuid.lib odbc32.lib odbccp32.lib /MANIFEST /ManifestFile:"Debug\GameOver.exe.intermediate.manifest" /MANIFESTUAC:"level='asInvoker' uiAccess='false'" /DEBUG /PDB:"c:\users\henrymound\documents\visual studio 2010\Projects\GameOver\Debug\GameOver.pdb" /TLBID:1 /DYNAMICBASE /NXCOMPAT /IMPLIB:"c:\users\henrymound\documents\visual studio 2010\Projects\GameOver\Debug\GameOver.lib" /MACHINE:X86 Debug\main.obj
         GameOver.vcxproj -> c:\users\henrymound\documents\visual studio 2010\Projects\GameOver\Debug\GameOver.exe
       Manifest:
         C:\Program Files (x86)\Microsoft SDKs\Windows\v7.0A\bin\mt.exe /nologo /verbose /outputresource:"c:\users\henrymound\documents\visual studio 2010\Projects\GameOver\Debug\GameOver.exe;#1" /manifest Debug\GameOver.exe.intermediate.manifest
       FinalizeBuildStatus:
         Deleting file "Debug\GameOver.unsuccessfulbuild".
         Touching "Debug\GameOver.lastbuildstate".
     1>Done Building Project "c:\Users\henrymound\documents\visual studio 2010\Projects\GameOver\GameOver\GameOver.vcxproj" (build target(s)).

Build succeeded.

Time Elapsed 00:00:02.08
