c:\github\programming-in-c\unit 16\robot_example\robot_example\debug\vc120.pdb
c:\github\programming-in-c\unit 16\robot_example\robot_example\debug\vc120.idb
c:\github\programming-in-c\unit 16\robot_example\robot_example\debug\example.obj
c:\github\programming-in-c\unit 16\robot_example\robot_example\debug\glwindow.obj
c:\github\programming-in-c\unit 16\robot_example\robot_example\debug\main.obj
c:\github\programming-in-c\unit 16\robot_example\robot_example\debug\robot.obj
c:\users\henrymound\documents\github\programming-in-c\unit 16\robot_example\robot_example\debug\vc120.pdb
c:\users\henrymound\documents\github\programming-in-c\unit 16\robot_example\robot_example\debug\vc120.idb
c:\github\programming-in-c\unit 16\robot_example\debug\robot_example.ilk
c:\github\programming-in-c\unit 16\robot_example\debug\robot_example.exe
c:\github\programming-in-c\unit 16\robot_example\debug\robot_example.pdb
c:\users\henrymound\documents\github\programming-in-c\unit 16\robot_example\debug\robot_example.pdb
c:\users\henrymound\documents\github\programming-in-c\unit 16\robot_example\debug\robot_example.exe
c:\users\henrymound\documents\github\programming-in-c\unit 16\robot_example\debug\robot_example.ilk
c:\users\henrymound\documents\github\programming-in-c\unit 16\robot_example\robot_example\debug\robot_example.tlog\cl.command.1.tlog
c:\users\henrymound\documents\github\programming-in-c\unit 16\robot_example\robot_example\debug\robot_example.tlog\cl.read.1.tlog
c:\users\henrymound\documents\github\programming-in-c\unit 16\robot_example\robot_example\debug\robot_example.tlog\cl.write.1.tlog
c:\users\henrymound\documents\github\programming-in-c\unit 16\robot_example\robot_example\debug\robot_example.tlog\link.command.1.tlog
c:\users\henrymound\documents\github\programming-in-c\unit 16\robot_example\robot_example\debug\robot_example.tlog\link.read.1.tlog
c:\users\henrymound\documents\github\programming-in-c\unit 16\robot_example\robot_example\debug\robot_example.tlog\link.write.1.tlog
