Build started 12/31/2014 4:59:39 AM.
     1>Project "C:\Users\henrymound\Documents\GitHub\Programming-In-C\Unit13_Assignment1_Variables\Unit13_Assignment1_Variables\Unit13_Assignment1_Variables.vcxproj" on node 2 (build target(s)).
     1>PrepareForBuild:
         Creating directory "C:\Users\henrymound\Documents\GitHub\Programming-In-C\Unit13_Assignment1_Variables\Release\".
       InitializeBuildStatus:
         Creating "Release\Unit13_Assignment1_Variables.unsuccessfulbuild" because "AlwaysCreate" was specified.
       ClCompile:
         C:\Program Files (x86)\Microsoft Visual Studio 10.0\VC\bin\CL.exe /c /Zi /nologo /W3 /WX- /O2 /Oi /Oy- /GL /D _MBCS /Gm- /EHsc /MD /GS /Gy /fp:precise /Zc:wchar_t /Zc:forScope /Fo"Release\\" /Fd"Release\vc100.pdb" /Gd /TP /analyze- /errorReport:prompt main.cpp
         main.cpp
       Link:
         C:\Program Files (x86)\Microsoft Visual Studio 10.0\VC\bin\link.exe /ERRORREPORT:PROMPT /OUT:"C:\Users\henrymound\Documents\GitHub\Programming-In-C\Unit13_Assignment1_Variables\Release\Unit13_Assignment1_Variables.exe" /NOLOGO kernel32.lib user32.lib gdi32.lib winspool.lib comdlg32.lib advapi32.lib shell32.lib ole32.lib oleaut32.lib uuid.lib odbc32.lib odbccp32.lib /MANIFEST /ManifestFile:"Release\Unit13_Assignment1_Variables.exe.intermediate.manifest" /MANIFESTUAC:"level='asInvoker' uiAccess='false'" /DEBUG /PDB:"C:\Users\henrymound\Documents\GitHub\Programming-In-C\Unit13_Assignment1_Variables\Release\Unit13_Assignment1_Variables.pdb" /OPT:REF /OPT:ICF /LTCG /TLBID:1 /DYNAMICBASE /NXCOMPAT /IMPLIB:"C:\Users\henrymound\Documents\GitHub\Programming-In-C\Unit13_Assignment1_Variables\Release\Unit13_Assignment1_Variables.lib" /MACHINE:X86 Release\main.obj
         Generating code
         Finished generating code
         Unit13_Assignment1_Variables.vcxproj -> C:\Users\henrymound\Documents\GitHub\Programming-In-C\Unit13_Assignment1_Variables\Release\Unit13_Assignment1_Variables.exe
       Manifest:
         C:\Program Files (x86)\Microsoft SDKs\Windows\v7.0A\bin\mt.exe /nologo /verbose /outputresource:"C:\Users\henrymound\Documents\GitHub\Programming-In-C\Unit13_Assignment1_Variables\Release\Unit13_Assignment1_Variables.exe;#1" /manifest Release\Unit13_Assignment1_Variables.exe.intermediate.manifest
       FinalizeBuildStatus:
         Deleting file "Release\Unit13_Assignment1_Variables.unsuccessfulbuild".
         Touching "Release\Unit13_Assignment1_Variables.lastbuildstate".
     1>Done Building Project "C:\Users\henrymound\Documents\GitHub\Programming-In-C\Unit13_Assignment1_Variables\Unit13_Assignment1_Variables\Unit13_Assignment1_Variables.vcxproj" (build target(s)).

Build succeeded.

Time Elapsed 00:00:01.24
